2025-09-13 16:37:24.143  INFO 1 - [       main] c.epam.healenium.Application     : Starting Application v3.4.6 using Java 22.0.2 with PID 1 (/healenium-backend.jar started by root in /) 
2025-09-13 16:37:24.241  INFO 1 - [       main] c.epam.healenium.Application     : No active profile set, falling back to 1 default profile: "default" 
2025-09-13 16:37:26.017  INFO 1 - [       main] .RepositoryConfigurationDelegate : Bootstrapping Spring Data JPA repositories in DEFAULT mode. 
2025-09-13 16:37:26.265  INFO 1 - [       main] .RepositoryConfigurationDelegate : Finished Spring Data repository scanning in 235 ms. Found 4 JPA repository interfaces. 
2025-09-13 16:37:27.662  INFO 1 - [       main] o.s.b.w.e.t.TomcatWebServer      : Tomcat initialized with port 7878 (http) 
2025-09-13 16:37:27.694  INFO 1 - [       main] o.a.c.core.StandardService       : Starting service [Tomcat] 
2025-09-13 16:37:27.697  INFO 1 - [       main] o.a.c.core.StandardEngine        : Starting Servlet engine: [Apache Tomcat/10.1.30] 
2025-09-13 16:37:27.791  INFO 1 - [       main] o.a.c.c.C.[.[localhost].[/]      : Initializing Spring embedded WebApplicationContext 
2025-09-13 16:37:27.794  INFO 1 - [       main] rvletWebServerApplicationContext : Root WebApplicationContext: initialization completed in 3416 ms 
2025-09-13 16:37:28.359  INFO 1 - [       main] c.z.hikari.HikariDataSource      : HikariPool-1 - Starting... 
2025-09-13 16:37:28.592  INFO 1 - [       main] c.z.hikari.HikariDataSource      : HikariPool-1 - Start completed. 
2025-09-13 16:37:28.780  INFO 1 - [       main] liquibase.database               : Set default schema name to healenium 
2025-09-13 16:37:29.816  INFO 1 - [       main] liquibase.changelog              : Creating database history table with name: healenium.databasechangelog 
2025-09-13 16:37:29.881  INFO 1 - [       main] liquibase.changelog              : Reading from healenium.databasechangelog 
2025-09-13 16:37:30.131  INFO 1 - [       main] liquibase.lockservice            : Successfully acquired change log lock 
2025-09-13 16:37:30.135  INFO 1 - [       main] liquibase.command                : Using deploymentId: 7770650134 
2025-09-13 16:37:30.141  INFO 1 - [       main] liquibase.changelog              : Reading from healenium.databasechangelog 
2025-09-13 16:37:30.210  INFO 1 - [       main] liquibase.ui                     : Running Changeset: changelog/001_createSequence.xml::3::nkobzev 
2025-09-13 16:37:30.220  INFO 1 - [       main] liquibase.changelog              : Sequence healing_result_seq created 
2025-09-13 16:37:30.459  INFO 1 - [       main] liquibase.changelog              : ChangeSet changelog/001_createSequence.xml::3::nkobzev ran successfully in 246ms 
2025-09-13 16:37:30.487  INFO 1 - [       main] liquibase.ui                     : Running Changeset: changelog/002_selector.xml::5::nkobzev 
2025-09-13 16:37:30.562  INFO 1 - [       main] liquibase.changelog              : Table SELECTOR created 
2025-09-13 16:37:30.568  INFO 1 - [       main] liquibase.changelog              : ChangeSet changelog/002_selector.xml::5::nkobzev ran successfully in 29ms 
2025-09-13 16:37:30.580  INFO 1 - [       main] liquibase.ui                     : Running Changeset: changelog/002_selector.xml::6::nkobzev 
2025-09-13 16:37:30.657  INFO 1 - [       main] liquibase.changelog              : Index SELECTOR_PK created 
2025-09-13 16:37:30.664  INFO 1 - [       main] liquibase.changelog              : ChangeSet changelog/002_selector.xml::6::nkobzev ran successfully in 81ms 
2025-09-13 16:37:30.675  INFO 1 - [       main] liquibase.ui                     : Running Changeset: changelog/003_healing.xml::7::nkobzev 
2025-09-13 16:37:30.694  INFO 1 - [       main] liquibase.changelog              : Table HEALING created 
2025-09-13 16:37:30.700  INFO 1 - [       main] liquibase.changelog              : ChangeSet changelog/003_healing.xml::7::nkobzev ran successfully in 23ms 
2025-09-13 16:37:30.710  INFO 1 - [       main] liquibase.ui                     : Running Changeset: changelog/003_healing.xml::8::nkobzev 
2025-09-13 16:37:30.756  INFO 1 - [       main] liquibase.changelog              : Index HEALING_PK created 
2025-09-13 16:37:30.766  INFO 1 - [       main] liquibase.changelog              : Foreign key constraint added to HEALING (SELECTOR_ID) 
2025-09-13 16:37:30.771  INFO 1 - [       main] liquibase.changelog              : ChangeSet changelog/003_healing.xml::8::nkobzev ran successfully in 58ms 
2025-09-13 16:37:30.782  INFO 1 - [       main] liquibase.ui                     : Running Changeset: changelog/004_healingResult.xml::9::nkobzev 
2025-09-13 16:37:30.801  INFO 1 - [       main] liquibase.changelog              : Table HEALING_RESULT created 
2025-09-13 16:37:30.806  INFO 1 - [       main] liquibase.changelog              : ChangeSet changelog/004_healingResult.xml::9::nkobzev ran successfully in 21ms 
2025-09-13 16:37:30.817  INFO 1 - [       main] liquibase.ui                     : Running Changeset: changelog/004_healingResult.xml::10::nkobzev 
2025-09-13 16:37:30.868  INFO 1 - [       main] liquibase.changelog              : Index HEALING_RESULT_PK created 
2025-09-13 16:37:30.875  INFO 1 - [       main] liquibase.changelog              : Foreign key constraint added to HEALING_RESULT (HEALING_ID) 
2025-09-13 16:37:30.882  INFO 1 - [       main] liquibase.changelog              : ChangeSet changelog/004_healingResult.xml::10::nkobzev ran successfully in 62ms 
2025-09-13 16:37:30.895  INFO 1 - [       main] liquibase.ui                     : Running Changeset: changelog/005_report.xml::11::nkobzev 
2025-09-13 16:37:30.910  INFO 1 - [       main] liquibase.changelog              : Table REPORT created 
2025-09-13 16:37:30.915  INFO 1 - [       main] liquibase.changelog              : ChangeSet changelog/005_report.xml::11::nkobzev ran successfully in 18ms 
2025-09-13 16:37:30.923  INFO 1 - [       main] liquibase.ui                     : Running Changeset: changelog/005_report.xml::12::nkobzev 
2025-09-13 16:37:30.975  INFO 1 - [       main] liquibase.changelog              : Index REPORT_PK created 
2025-09-13 16:37:30.978  INFO 1 - [       main] liquibase.changelog              : ChangeSet changelog/005_report.xml::12::nkobzev ran successfully in 53ms 
2025-09-13 16:37:30.983  INFO 1 - [       main] liquibase.ui                     : Running Changeset: changelog/006_command_and_healingenable_column.xml::13::nkobzev 
2025-09-13 16:37:30.986  INFO 1 - [       main] liquibase.changelog              : Columns COMMAND(VARCHAR(264)),ENABLE_HEALING(BOOLEAN) added to SELECTOR 
2025-09-13 16:37:30.989  INFO 1 - [       main] liquibase.changelog              : ChangeSet changelog/006_command_and_healingenable_column.xml::13::nkobzev ran successfully in 4ms 
2025-09-13 16:37:30.996  INFO 1 - [       main] liquibase.util                   : UPDATE SUMMARY 
2025-09-13 16:37:30.997  INFO 1 - [       main] liquibase.util                   : Run:                         10 
2025-09-13 16:37:30.997  INFO 1 - [       main] liquibase.util                   : Previously run:               0 
2025-09-13 16:37:30.998  INFO 1 - [       main] liquibase.util                   : Filtered out:                 0 
2025-09-13 16:37:30.999  INFO 1 - [       main] liquibase.util                   : ------------------------------- 
2025-09-13 16:37:30.999  INFO 1 - [       main] liquibase.util                   : Total change sets:           10 
2025-09-13 16:37:31.000  INFO 1 - [       main] liquibase.util                   : Update summary generated 
2025-09-13 16:37:31.002  INFO 1 - [       main] liquibase.command                : Update command completed successfully. 
2025-09-13 16:37:31.003  INFO 1 - [       main] liquibase.ui                     : Liquibase: Update has been successful. Rows affected: 10 
2025-09-13 16:37:31.007  INFO 1 - [       main] liquibase.lockservice            : Successfully released change log lock 
2025-09-13 16:37:31.009  INFO 1 - [       main] liquibase.command                : Command execution complete 
2025-09-13 16:37:31.127  INFO 1 - [       main] o.h.j.internal.util.LogHelper    : HHH000204: Processing PersistenceUnitInfo [name: default] 
2025-09-13 16:37:31.197  INFO 1 - [       main] org.hibernate.Version            : HHH000412: Hibernate ORM core version 6.5.3.Final 
2025-09-13 16:37:31.233  INFO 1 - [       main] o.h.c.i.RegionFactoryInitiator   : HHH000026: Second-level cache disabled 
2025-09-13 16:37:31.549  INFO 1 - [       main] .o.j.p.SpringPersistenceUnitInfo : No LoadTimeWeaver setup: ignoring JPA class transformer 
2025-09-13 16:37:31.563  WARN 1 - [       main] org.hibernate.orm.deprecation    : HHH90000021: Encountered deprecated setting [hibernate.temp.use_jdbc_metadata_defaults], use [hibernate.boot.allow_jdbc_metadata_access] instead 
2025-09-13 16:37:31.580  WARN 1 - [       main] org.hibernate.orm.deprecation    : HHH90000025: PostgreSQLDialect does not need to be specified explicitly using 'hibernate.dialect' (remove the property setting and it will be selected by default) 
2025-09-13 16:37:33.239  WARN 1 - [       main] o.h.m.internal.MetadataContext   : HHH015011: Unable to locate static metamodel field : com.epam.healenium.model.domain.Selector_#nodePathWrapper; this may or may not indicate a problem with the static metamodel 
2025-09-13 16:37:33.247  INFO 1 - [       main] h.e.t.j.p.i.JtaPlatformInitiator : HHH000489: No JTA platform available (set 'hibernate.transaction.jta.platform' to enable JTA platform integration) 
2025-09-13 16:37:33.252  INFO 1 - [       main] ontainerEntityManagerFactoryBean : Initialized JPA EntityManagerFactory for persistence unit 'default' 
2025-09-13 16:37:34.107  INFO 1 - [       main] o.s.d.j.r.q.QueryEnhancerFactory : Hibernate is in classpath; If applicable, HQL parser will be used. 
2025-09-13 16:37:34.931  INFO 1 - [       main] .a.w.s.WelcomePageHandlerMapping : Adding welcome page template: index 
2025-09-13 16:37:36.528  INFO 1 - [       main] .s.b.a.e.w.EndpointLinksResolver : Exposing 1 endpoint beneath base path '/actuator' 
2025-09-13 16:37:36.712  INFO 1 - [       main] o.s.b.w.e.t.TomcatWebServer      : Tomcat started on port 7878 (http) with context path '/' 
2025-09-13 16:37:36.846  INFO 1 - [       main] c.epam.healenium.Application     : Started Application in 13.484 seconds (process running for 14.308) 
2025-09-13 16:38:00.358  INFO 1 - [7878-exec-1] o.a.c.c.C.[.[localhost].[/]      : Initializing Spring DispatcherServlet 'dispatcherServlet' 
2025-09-13 16:38:00.360  INFO 1 - [7878-exec-1] o.s.w.s.DispatcherServlet        : Initializing Servlet 'dispatcherServlet' 
2025-09-13 16:38:00.362  INFO 1 - [7878-exec-1] o.s.w.s.DispatcherServlet        : Completed initialization in 1 ms 
2025-09-13 16:42:57.987  INFO 1 - [7878-exec-6] healenium                        : [Save Elements] Request: By.xpath(//button[text()='Remove']) 
2025-09-13 16:46:39.901  INFO 1 - [7878-exec-2] healenium                        : [Save Elements] Request: By.xpath(//button[text()='Enable']) 
2025-09-13 16:46:54.863  INFO 1 - [7878-exec-7] healenium                        : [Save Elements] Request: By.xpath(//button[text()='Remove']) 
2025-09-13 16:49:39.157  INFO 1 - [7878-exec-6] healenium                        : [Save Elements] Request: By.xpath(//button[text()='Remove']) 
2025-09-13 16:49:39.197  INFO 1 - [7878-exec-7] healenium                        : [Save Elements] Request: By.xpath(//button[text()='Enable']) 
2025-09-13 19:31:34.329  INFO 1 - [7878-exec-8] healenium                        : [Save Elements] Request: By.xpath(//button[text()='Remove']) 
2025-09-13 19:31:34.372  INFO 1 - [7878-exec-9] healenium                        : [Save Elements] Request: By.xpath(//button[text()='Enable']) 
2025-09-13 19:47:35.291  INFO 1 - [7878-exec-1] healenium                        : [Save Elements] Request: By.xpath(//button[text()='Remove']) 
2025-09-13 19:48:14.281  INFO 1 - [7878-exec-8] healenium                        : [Save Elements] Request: By.xpath(//button[text()='Remove']) 
2025-09-13 19:48:14.435  INFO 1 - [7878-exec-1] healenium                        : [Save Elements] Request: By.xpath(//button[text()='Enable']) 
2025-09-13 19:51:13.251  INFO 1 - [878-exec-10] healenium                        : [Save Elements] Request: By.xpath(//button[text()='Enable']) 
2025-09-13 19:51:13.251  INFO 1 - [7878-exec-3] healenium                        : [Save Elements] Request: By.xpath(//button[text()='Remove']) 
2025-09-13 20:13:25.231  INFO 1 - [7878-exec-2] healenium                        : [Save Elements] Request: By.xpath(//button[text()='Enable']) 
2025-09-13 20:13:25.231  INFO 1 - [7878-exec-5] healenium                        : [Save Elements] Request: By.xpath(//button[text()='Remove']) 
2025-09-13 20:15:25.095  INFO 1 - [7878-exec-1] healenium                        : [Save Elements] Request: By.xpath(//button[text()='Remove']) 
2025-09-13 20:15:25.139  INFO 1 - [7878-exec-8] healenium                        : [Save Elements] Request: By.xpath(//button[text()='Enable']) 
2025-09-13 20:15:30.380  INFO 1 - [878-exec-10] healenium                        : [Save Elements] Request: By.cssSelector(p#message) 
2025-09-13 20:15:30.415  INFO 1 - [7878-exec-3] healenium                        : [Save Elements] Request: By.cssSelector(p#message) 
2025-09-13 20:15:41.120  INFO 1 - [7878-exec-6] healenium                        : [Save Elements] Request: By.cssSelector(p#message) 
2025-09-13 20:15:41.129  INFO 1 - [7878-exec-9] healenium                        : [Save Elements] Request: By.cssSelector(p#message) 
2025-09-13 20:20:12.900  INFO 1 - [hutdownHook] ontainerEntityManagerFactoryBean : Closing JPA EntityManagerFactory for persistence unit 'default' 
2025-09-13 20:20:12.924  INFO 1 - [hutdownHook] c.z.hikari.HikariDataSource      : HikariPool-1 - Shutdown initiated... 
2025-09-13 20:20:12.929  INFO 1 - [hutdownHook] c.z.hikari.HikariDataSource      : HikariPool-1 - Shutdown completed. 
